-------------------------------------------------------------------------------
Test set: it.polimi.ingsw.Server.Model.Decorator.PowerfullBuild.BuildDomeTest
-------------------------------------------------------------------------------
Tests run: 1, Failures: 0, Errors: 1, Skipped: 0, Time elapsed: 0 s <<< FAILURE! - in it.polimi.ingsw.Server.Model.Decorator.PowerfullBuild.BuildDomeTest
buildTest  Time elapsed: 0 s  <<< ERROR!
java.lang.NullPointerException
	at it.polimi.ingsw.Server.Model.Decorator.PowerfullBuild.BuildDomeTest.sceneOfGame(BuildDomeTest.java:23)
	at it.polimi.ingsw.Server.Model.Decorator.PowerfullBuild.BuildDomeTest.buildTest(BuildDomeTest.java:50)

