-------------------------------------------------------------------------------
Test set: it.polimi.ingsw.Server.Model.Decorator.MultipleBuild.DifferentPosOneMoreBuildTest
-------------------------------------------------------------------------------
Tests run: 1, Failures: 0, Errors: 1, Skipped: 0, Time elapsed: 0 s <<< FAILURE! - in it.polimi.ingsw.Server.Model.Decorator.MultipleBuild.DifferentPosOneMoreBuildTest
checkPossibleBuildingTest  Time elapsed: 0 s  <<< ERROR!
java.lang.NullPointerException
	at it.polimi.ingsw.Server.Model.Decorator.MultipleBuild.DifferentPosOneMoreBuildTest.sceneOfGame(DifferentPosOneMoreBuildTest.java:20)
	at it.polimi.ingsw.Server.Model.Decorator.MultipleBuild.DifferentPosOneMoreBuildTest.checkPossibleBuildingTest(DifferentPosOneMoreBuildTest.java:45)

