-------------------------------------------------------------------------------
Test set: it.polimi.ingsw.Server.Model.TurnCreator.SimpleTurnCreatorTest
-------------------------------------------------------------------------------
Tests run: 15, Failures: 0, Errors: 1, Skipped: 0, Time elapsed: 0.005 s <<< FAILURE! - in it.polimi.ingsw.Server.Model.TurnCreator.SimpleTurnCreatorTest
getTurnTest  Time elapsed: 0 s  <<< ERROR!
java.lang.NullPointerException
	at it.polimi.ingsw.Server.Model.TurnCreator.SimpleTurnCreatorTest.getTurnTest(SimpleTurnCreatorTest.java:32)

