-------------------------------------------------------------------------------
Test set: it.polimi.ingsw.Server.Model.Decorator.WinCondition.BlockOpponentsTest
-------------------------------------------------------------------------------
Tests run: 1, Failures: 0, Errors: 1, Skipped: 0, Time elapsed: 0.001 s <<< FAILURE! - in it.polimi.ingsw.Server.Model.Decorator.WinCondition.BlockOpponentsTest
moveTest  Time elapsed: 0 s  <<< ERROR!
java.lang.NullPointerException
	at it.polimi.ingsw.Server.Model.Decorator.WinCondition.BlockOpponentsTest.sceneOfGame(BlockOpponentsTest.java:18)
	at it.polimi.ingsw.Server.Model.Decorator.WinCondition.BlockOpponentsTest.moveTest(BlockOpponentsTest.java:46)

