-------------------------------------------------------------------------------
Test set: it.polimi.ingsw.Server.Model.Root.DeckTest
-------------------------------------------------------------------------------
Tests run: 2, Failures: 1, Errors: 0, Skipped: 0, Time elapsed: 0.003 s <<< FAILURE! - in it.polimi.ingsw.Server.Model.Root.DeckTest
DeckForTwoTest  Time elapsed: 0.002 s  <<< FAILURE!
org.opentest4j.AssertionFailedError: expected: <14> but was: <13>
	at it.polimi.ingsw.Server.Model.Root.DeckTest.DeckForTwoTest(DeckTest.java:18)

