-------------------------------------------------------------------------------
Test set: it.polimi.ingsw.Server.Model.Decorator.MultipleBuild.SamePosOneMoreBuildTest
-------------------------------------------------------------------------------
Tests run: 1, Failures: 0, Errors: 1, Skipped: 0, Time elapsed: 0.019 s <<< FAILURE! - in it.polimi.ingsw.Server.Model.Decorator.MultipleBuild.SamePosOneMoreBuildTest
checkPossibleBuildingTest  Time elapsed: 0.019 s  <<< ERROR!
java.lang.NullPointerException
	at it.polimi.ingsw.Server.Model.Decorator.MultipleBuild.SamePosOneMoreBuildTest.sceneOfGame(SamePosOneMoreBuildTest.java:19)
	at it.polimi.ingsw.Server.Model.Decorator.MultipleBuild.SamePosOneMoreBuildTest.checkPossibleBuildingTest(SamePosOneMoreBuildTest.java:44)

